2019-03-12T16:46:45+01:00 :: Successfully connect to iLovePragmatic
2019-03-12T16:46:45+01:00 :: Table Student created successfully
2019-03-12T16:46:45+01:00 :: Student successfully created
2019-03-12T16:46:45+01:00 :: 1 in table Student
2019-03-12T16:46:45+01:00 :: Student  successfully find all
2019-03-12T16:46:45+01:00 :: Student  successfully find all
2019-03-12T16:46:45+01:00 :: Student successfully find by primary key
2019-03-12T16:46:45+01:00 :: Student successfully find by primary key
2019-03-12T16:46:45+01:00 :: Student  successfully find by one
2019-03-12T16:46:45+01:00 :: Student  successfully find by one
2019-03-12T16:46:45+01:00 :: Student successfully updated
2019-03-12T16:46:45+01:00 :: Student successfully deleted
2019-03-12T16:48:06+01:00 :: Successfully connect to iLovePragmatic
2019-03-12T16:48:06+01:00 :: Table Student created successfully
2019-03-12T16:48:06+01:00 :: Student successfully created
2019-03-12T16:48:06+01:00 :: 2 in table Student
2019-03-12T16:48:06+01:00 :: Student  successfully find all
2019-03-12T16:48:06+01:00 :: Student  successfully find all
2019-03-12T16:48:06+01:00 :: Student successfully find by primary key
2019-03-12T16:48:06+01:00 :: Student successfully find by primary key
2019-03-12T16:48:06+01:00 :: Student  successfully find by one
2019-03-12T16:48:06+01:00 :: Student  successfully find by one
2019-03-12T16:48:06+01:00 :: Student successfully updated
2019-03-12T16:48:06+01:00 :: Student successfully deleted
2019-03-12T16:48:27+01:00 :: Successfully connect to iLovePragmatic
2019-03-12T16:48:27+01:00 :: Table Student created successfully
2019-03-12T16:48:27+01:00 :: Student successfully created
2019-03-12T16:48:27+01:00 :: 3 in table Student
2019-03-12T16:48:27+01:00 :: Student  successfully find all
2019-03-12T16:48:27+01:00 :: Student  successfully find all
2019-03-12T16:48:27+01:00 :: Student successfully find by primary key
2019-03-12T16:48:27+01:00 :: Student successfully find by primary key
2019-03-12T16:48:27+01:00 :: Student  successfully find by one
2019-03-12T16:48:27+01:00 :: Student  successfully find by one
2019-03-12T16:48:27+01:00 :: Student successfully updated
2019-03-12T16:48:27+01:00 :: Student successfully deleted
2019-03-12T16:48:40+01:00 :: Successfully connect to iLovePragmatic
2019-03-12T16:48:40+01:00 :: Table Student created successfully
2019-03-12T16:48:40+01:00 :: Student successfully created
2019-03-12T16:48:40+01:00 :: 4 in table Student
2019-03-12T16:48:40+01:00 :: Student  successfully find all
2019-03-12T16:48:40+01:00 :: Student  successfully find all
2019-03-12T16:48:40+01:00 :: Student successfully find by primary key
2019-03-12T16:48:40+01:00 :: Student successfully find by primary key
2019-03-12T16:48:40+01:00 :: Student  successfully find by one
2019-03-12T16:48:40+01:00 :: Student  successfully find by one
2019-03-12T16:48:40+01:00 :: Student successfully updated
2019-03-12T16:48:40+01:00 :: Student successfully deleted
2019-03-12T16:50:15+01:00 :: Successfully connect to iLovePragmatic
2019-03-12T16:50:15+01:00 :: Table Student created successfully
2019-03-12T16:50:15+01:00 :: Student successfully created
2019-03-12T16:50:15+01:00 :: Table Note created successfully
2019-03-12T16:50:15+01:00 :: 5 in table Student
2019-03-12T16:50:15+01:00 :: Table Project created successfully
2019-03-12T16:50:15+01:00 :: Student  successfully find all
2019-03-12T16:50:15+01:00 :: Student  successfully find all
2019-03-12T16:50:15+01:00 :: Student successfully find by primary key
2019-03-12T16:50:15+01:00 :: Student successfully find by primary key
2019-03-12T16:50:15+01:00 :: Student  successfully find by one
2019-03-12T16:50:15+01:00 :: Student  successfully find by one
2019-03-12T16:50:15+01:00 :: Student successfully updated
2019-03-12T16:50:15+01:00 :: Student successfully deleted
2019-03-12T17:01:00+01:00 :: Successfully connect to iLovePragmatic
2019-03-12T17:01:00+01:00 :: Table Student created successfully
2019-03-12T17:01:00+01:00 :: Student successfully created
2019-03-12T17:01:00+01:00 :: Table Note created successfully
2019-03-12T17:01:00+01:00 :: 6 in table Student
2019-03-12T17:01:00+01:00 :: Table Project created successfully
2019-03-12T17:01:00+01:00 :: Student  successfully find all
2019-03-12T17:01:00+01:00 :: Student  successfully find all
2019-03-12T17:01:00+01:00 :: Student successfully find by primary key
2019-03-12T17:01:00+01:00 :: Student successfully find by primary key
2019-03-12T17:01:00+01:00 :: Student  successfully find by one
2019-03-12T17:01:00+01:00 :: Student  successfully find by one
2019-03-12T17:01:00+01:00 :: Student successfully updated
2019-03-12T17:01:00+01:00 :: Student successfully deleted
2019-03-12T17:01:00+01:00 :: Note successfully created
2019-03-12T17:01:00+01:00 :: 1 in table Note
2019-03-12T17:01:00+01:00 :: Note  successfully find all
2019-03-12T17:01:00+01:00 :: Note  successfully find all
2019-03-12T17:01:00+01:00 :: Note successfully find by primary key
2019-03-12T17:01:00+01:00 :: Note successfully find by primary key
2019-03-12T17:01:00+01:00 :: Note  successfully find by one
2019-03-12T17:01:00+01:00 :: Note  successfully find by one
2019-03-12T17:01:00+01:00 :: Note successfully updated
2019-03-12T17:01:00+01:00 :: Note successfully deleted
2019-03-12T17:01:16+01:00 :: Successfully connect to iLovePragmatic
2019-03-12T17:01:16+01:00 :: Table Student created successfully
2019-03-12T17:01:16+01:00 :: Student successfully created
2019-03-12T17:01:16+01:00 :: Table Note created successfully
2019-03-12T17:01:16+01:00 :: 7 in table Student
2019-03-12T17:01:16+01:00 :: Table Project created successfully
2019-03-12T17:01:16+01:00 :: Student  successfully find all
2019-03-12T17:01:16+01:00 :: Student  successfully find all
2019-03-12T17:01:16+01:00 :: Student successfully find by primary key
2019-03-12T17:01:16+01:00 :: Student successfully find by primary key
2019-03-12T17:01:16+01:00 :: Student  successfully find by one
2019-03-12T17:01:16+01:00 :: Student  successfully find by one
2019-03-12T17:01:16+01:00 :: Student successfully updated
2019-03-12T17:01:16+01:00 :: Student successfully deleted
2019-03-12T17:01:16+01:00 :: Note successfully created
2019-03-12T17:01:16+01:00 :: 1 in table Note
2019-03-12T17:01:16+01:00 :: Note  successfully find all
2019-03-12T17:01:16+01:00 :: Note  successfully find all
2019-03-12T17:01:16+01:00 :: Note successfully find by primary key
2019-03-12T17:01:16+01:00 :: Note successfully find by primary key
2019-03-12T17:01:16+01:00 :: Note  successfully find by one
2019-03-12T17:01:16+01:00 :: Note  successfully find by one
2019-03-12T17:01:16+01:00 :: Note successfully updated
2019-03-12T17:01:16+01:00 :: Note successfully deleted
2019-03-12T17:02:15+01:00 :: Successfully connect to iLovePragmatic
2019-03-12T17:02:15+01:00 :: Table Student created successfully
2019-03-12T17:02:15+01:00 :: Student successfully created
2019-03-12T17:02:15+01:00 :: Table Note created successfully
2019-03-12T17:02:15+01:00 :: 8 in table Student
2019-03-12T17:02:15+01:00 :: Table Project created successfully
2019-03-12T17:02:15+01:00 :: Student  successfully find all
2019-03-12T17:02:15+01:00 :: Student  successfully find all
2019-03-12T17:02:15+01:00 :: Student successfully find by primary key
2019-03-12T17:02:15+01:00 :: Student successfully find by primary key
2019-03-12T17:02:15+01:00 :: Student  successfully find by one
2019-03-12T17:02:15+01:00 :: Student  successfully find by one
2019-03-12T17:02:15+01:00 :: Student successfully updated
2019-03-12T17:02:15+01:00 :: Student successfully deleted
2019-03-12T17:02:15+01:00 :: Note successfully created
2019-03-12T17:02:15+01:00 :: 2 in table Note
2019-03-12T17:02:15+01:00 :: Note  successfully find all
2019-03-12T17:02:15+01:00 :: Note  successfully find all
2019-03-12T17:02:15+01:00 :: Note successfully find by primary key
2019-03-12T17:02:15+01:00 :: Note successfully find by primary key
2019-03-12T17:02:15+01:00 :: Note  successfully find by one
2019-03-12T17:02:15+01:00 :: Note  successfully find by one
2019-03-12T17:02:15+01:00 :: Note successfully updated
2019-03-12T17:02:15+01:00 :: Note successfully deleted
2019-03-12T17:09:17+01:00 :: Successfully connect to iLovePragmatic
2019-03-12T17:09:17+01:00 :: Table Student created successfully
2019-03-12T17:09:17+01:00 :: Student successfully created
2019-03-12T17:09:17+01:00 :: Table Note created successfully
2019-03-12T17:09:17+01:00 :: 8 in table Student
2019-03-12T17:09:17+01:00 :: Table Project created successfully
2019-03-12T17:09:17+01:00 :: Student  successfully find all
2019-03-12T17:09:17+01:00 :: Student  successfully find all
2019-03-12T17:09:17+01:00 :: Student successfully find by primary key
2019-03-12T17:09:17+01:00 :: Student successfully find by primary key
2019-03-12T17:09:17+01:00 :: Student  successfully find by one
2019-03-12T17:09:17+01:00 :: Student  successfully find by one
2019-03-12T17:09:17+01:00 :: Student successfully updated
2019-03-12T17:09:17+01:00 :: Student successfully deleted
2019-03-12T17:09:17+01:00 :: Note successfully created
2019-03-12T17:09:17+01:00 :: 2 in table Note
2019-03-12T17:09:17+01:00 :: Note  successfully find all
2019-03-12T17:09:17+01:00 :: Note  successfully find all
2019-03-12T17:09:17+01:00 :: Note successfully find by primary key
2019-03-12T17:09:17+01:00 :: Note successfully find by primary key
2019-03-12T17:09:17+01:00 :: Note  successfully find by one
2019-03-12T17:09:17+01:00 :: Note  successfully find by one
2019-03-12T17:09:17+01:00 :: Note successfully updated
2019-03-12T17:09:17+01:00 :: Note successfully deleted
2019-03-12T17:10:03+01:00 :: Successfully connect to iLovePragmatic
2019-03-12T17:10:03+01:00 :: Table Student created successfully
2019-03-12T17:10:03+01:00 :: Student successfully created
2019-03-12T17:10:03+01:00 :: Table Note created successfully
2019-03-12T17:10:03+01:00 :: 9 in table Student
2019-03-12T17:10:03+01:00 :: Table Project created successfully
2019-03-12T17:10:03+01:00 :: Student  successfully find all
2019-03-12T17:10:03+01:00 :: Student  successfully find all
2019-03-12T17:10:03+01:00 :: Student successfully find by primary key
2019-03-12T17:10:03+01:00 :: Student successfully find by primary key
2019-03-12T17:10:03+01:00 :: Student  successfully find by one
2019-03-12T17:10:03+01:00 :: Student  successfully find by one
2019-03-12T17:10:03+01:00 :: Student successfully updated
2019-03-12T17:10:03+01:00 :: Student successfully deleted
2019-03-12T17:10:03+01:00 :: Note successfully created
2019-03-12T17:10:03+01:00 :: 3 in table Note
2019-03-12T17:10:03+01:00 :: Note  successfully find all
2019-03-12T17:10:03+01:00 :: Note  successfully find all
2019-03-12T17:10:03+01:00 :: Note successfully find by primary key
2019-03-12T17:10:03+01:00 :: Note successfully find by primary key
2019-03-12T17:10:03+01:00 :: Note  successfully find by one
2019-03-12T17:10:03+01:00 :: Note  successfully find by one
2019-03-12T17:10:03+01:00 :: Note successfully updated
2019-03-12T17:10:03+01:00 :: Note successfully deleted
2019-03-12T17:11:59+01:00 :: Successfully connect to iLovePragmatic
2019-03-12T17:11:59+01:00 :: Table Student created successfully
2019-03-12T17:11:59+01:00 :: Student successfully created
2019-03-12T17:11:59+01:00 :: Table Note created successfully
2019-03-12T17:11:59+01:00 :: 10 in table Student
2019-03-12T17:11:59+01:00 :: Table Project created successfully
2019-03-12T17:11:59+01:00 :: Student  successfully find all
2019-03-12T17:11:59+01:00 :: Student  successfully find all
2019-03-12T17:11:59+01:00 :: Student successfully find by primary key
2019-03-12T17:11:59+01:00 :: Student successfully find by primary key
2019-03-12T17:11:59+01:00 :: Student  successfully find by one
2019-03-12T17:11:59+01:00 :: Student  successfully find by one
2019-03-12T17:11:59+01:00 :: Student successfully updated
2019-03-12T17:11:59+01:00 :: Student successfully deleted
2019-03-12T17:11:59+01:00 :: Note successfully created
2019-03-12T17:11:59+01:00 :: 4 in table Note
2019-03-12T17:11:59+01:00 :: Note  successfully find all
2019-03-12T17:11:59+01:00 :: Note  successfully find all
2019-03-12T17:11:59+01:00 :: Note successfully find by primary key
2019-03-12T17:11:59+01:00 :: Note successfully find by primary key
2019-03-12T17:11:59+01:00 :: Note  successfully find by one
2019-03-12T17:11:59+01:00 :: Note  successfully find by one
2019-03-12T17:11:59+01:00 :: Note successfully updated
2019-03-12T17:11:59+01:00 :: Note successfully deleted
2019-03-12T17:11:59+01:00 :: Project successfully created
2019-03-12T17:11:59+01:00 :: 1 in table Project
2019-03-12T17:11:59+01:00 :: Project  successfully find all
2019-03-12T17:11:59+01:00 :: Project  successfully find all
2019-03-12T17:11:59+01:00 :: Project successfully find by primary key
2019-03-12T17:11:59+01:00 :: Project successfully find by primary key
2019-03-12T17:11:59+01:00 :: Project  successfully find by one
2019-03-12T17:11:59+01:00 :: Project  successfully find by one
2019-03-12T17:11:59+01:00 :: Project successfully updated
2019-03-12T17:11:59+01:00 :: Project successfully deleted
2019-03-12T17:13:05+01:00 :: Successfully connect to iLovePragmatic
2019-03-12T17:13:05+01:00 :: Table Student created successfully
2019-03-12T17:13:05+01:00 :: Student successfully created
2019-03-12T17:13:05+01:00 :: Table Note created successfully
2019-03-12T17:13:05+01:00 :: 11 in table Student
2019-03-12T17:13:05+01:00 :: Table Project created successfully
2019-03-12T17:13:05+01:00 :: Student  successfully find all
2019-03-12T17:13:05+01:00 :: Student  successfully find all
2019-03-12T17:13:05+01:00 :: Student successfully find by primary key
2019-03-12T17:13:05+01:00 :: Student successfully find by primary key
2019-03-12T17:13:05+01:00 :: Student  successfully find by one
2019-03-12T17:13:05+01:00 :: Student  successfully find by one
2019-03-12T17:13:05+01:00 :: Student successfully updated
2019-03-12T17:13:05+01:00 :: Student successfully deleted
2019-03-12T17:13:05+01:00 :: Note successfully created
2019-03-12T17:13:05+01:00 :: 5 in table Note
2019-03-12T17:13:05+01:00 :: Note  successfully find all
2019-03-12T17:13:05+01:00 :: Note  successfully find all
2019-03-12T17:13:05+01:00 :: Note successfully find by primary key
2019-03-12T17:13:05+01:00 :: Note successfully find by primary key
2019-03-12T17:13:05+01:00 :: Note  successfully find by one
2019-03-12T17:13:05+01:00 :: Note  successfully find by one
2019-03-12T17:13:05+01:00 :: Note successfully updated
2019-03-12T17:13:05+01:00 :: Note successfully deleted
2019-03-12T17:13:05+01:00 :: Project successfully created
2019-03-12T17:13:05+01:00 :: 2 in table Project
2019-03-12T17:13:05+01:00 :: Project  successfully find all
2019-03-12T17:13:05+01:00 :: Project  successfully find all
2019-03-12T17:13:05+01:00 :: Project successfully find by primary key
2019-03-12T17:13:05+01:00 :: Project successfully find by primary key
2019-03-12T17:13:05+01:00 :: Project  successfully find by one
2019-03-12T17:13:05+01:00 :: Project  successfully find by one
2019-03-12T17:13:05+01:00 :: Project successfully updated
2019-03-12T17:13:05+01:00 :: Project successfully deleted
2019-03-12T17:13:20+01:00 :: Successfully connect to iLovePragmatic
2019-03-12T17:13:20+01:00 :: Table Student created successfully
2019-03-12T17:13:20+01:00 :: Student successfully created
2019-03-12T17:13:20+01:00 :: Table Note created successfully
2019-03-12T17:13:20+01:00 :: 12 in table Student
2019-03-12T17:13:20+01:00 :: Table Project created successfully
2019-03-12T17:13:20+01:00 :: Student  successfully find all
2019-03-12T17:13:20+01:00 :: Student  successfully find all
2019-03-12T17:13:20+01:00 :: Student successfully find by primary key
2019-03-12T17:13:20+01:00 :: Student successfully find by primary key
2019-03-12T17:13:20+01:00 :: Student  successfully find by one
2019-03-12T17:13:20+01:00 :: Student  successfully find by one
2019-03-12T17:13:20+01:00 :: Student successfully updated
2019-03-12T17:13:20+01:00 :: Student successfully deleted
2019-03-12T17:13:20+01:00 :: Note successfully created
2019-03-12T17:13:20+01:00 :: 6 in table Note
2019-03-12T17:13:20+01:00 :: Note  successfully find all
2019-03-12T17:13:20+01:00 :: Note  successfully find all
2019-03-12T17:13:20+01:00 :: Note successfully find by primary key
2019-03-12T17:13:20+01:00 :: Note successfully find by primary key
2019-03-12T17:13:20+01:00 :: Note  successfully find by one
2019-03-12T17:13:20+01:00 :: Note  successfully find by one
2019-03-12T17:13:20+01:00 :: Note successfully updated
2019-03-12T17:13:20+01:00 :: Note successfully deleted
2019-03-12T17:13:20+01:00 :: Project successfully created
2019-03-12T17:13:20+01:00 :: 3 in table Project
2019-03-12T17:13:20+01:00 :: Project  successfully find all
2019-03-12T17:13:20+01:00 :: Project  successfully find all
2019-03-12T17:13:20+01:00 :: Project successfully find by primary key
2019-03-12T17:13:20+01:00 :: Project successfully find by primary key
2019-03-12T17:13:20+01:00 :: Project  successfully find by one
2019-03-12T17:13:20+01:00 :: Project  successfully find by one
2019-03-12T17:13:20+01:00 :: Project successfully updated
2019-03-12T17:13:20+01:00 :: Project successfully deleted
2019-03-12T17:20:28+01:00 :: Successfully connect to iLovePragmatic
2019-03-12T17:20:28+01:00 :: Table Student created successfully
2019-03-12T17:20:28+01:00 :: Student successfully find by primary key
2019-03-12T17:20:28+01:00 :: Table Note created successfully
2019-03-12T17:20:28+01:00 :: Student successfully find by primary key
2019-03-12T17:20:28+01:00 :: Table Project created successfully
2019-03-12T17:23:29+01:00 :: Successfully connect to iLovePragmatic
2019-03-12T17:23:29+01:00 :: Table Student created successfully
2019-03-12T17:23:29+01:00 :: Table Note created successfully
2019-03-12T17:23:29+01:00 :: Table Project created successfully
2019-03-12T17:24:26+01:00 :: Successfully connect to iLovePragmatic
2019-03-12T17:24:26+01:00 :: Table Student created successfully
2019-03-12T17:24:26+01:00 :: Table Note created successfully
2019-03-12T17:24:26+01:00 :: Table Project created successfully
2019-03-12T17:27:57+01:00 :: Successfully connect to iLovePragmatic
2019-03-12T17:27:57+01:00 :: Table Student created successfully
2019-03-12T17:27:57+01:00 :: Table Note created successfully
2019-03-12T17:27:57+01:00 :: Table Project created successfully
2019-03-12T17:31:31+01:00 :: Successfully connect to iLovePragmatic
2019-03-12T17:31:32+01:00 :: Table Student created successfully
2019-03-12T17:31:32+01:00 :: Table Note created successfully
2019-03-12T17:31:32+01:00 :: Table Project created successfully
2019-03-12T17:34:47+01:00 :: Successfully connect to iLovePragmatic
2019-03-12T17:35:55+01:00 :: Successfully connect to iLovePragmatic
2019-03-12T17:36:14+01:00 :: Successfully connect to iLovePragmatic
2019-03-12T17:37:15+01:00 :: Successfully connect to iLovePragmatic
2019-03-12T17:37:35+01:00 :: Successfully connect to iLovePragmatic
2019-03-12T17:38:35+01:00 :: Successfully connect to iLovePragmatic
2019-03-12T17:39:17+01:00 :: Successfully connect to iLovePragmatic
2019-03-12T17:40:52+01:00 :: Successfully connect to iLovePragmatic
2019-03-12T17:40:52+01:00 :: [object Object] successfully find by primary key
2019-03-12T17:40:52+01:00 :: [object Object] successfully find by primary key
2019-03-12T17:40:52+01:00 :: Table Student created successfully
2019-03-12T17:40:52+01:00 :: Table Note created successfully
2019-03-12T17:40:52+01:00 :: Table Project created successfully
2019-03-12T17:41:41+01:00 :: Successfully connect to iLovePragmatic
2019-03-12T17:42:10+01:00 :: Successfully connect to iLovePragmatic
2019-03-12T17:42:10+01:00 :: [object Object] successfully find by primary key
2019-03-12T17:42:10+01:00 :: [object Object] successfully find by primary key
2019-03-12T17:42:10+01:00 :: Table Student created successfully
2019-03-12T17:42:10+01:00 :: Table Note created successfully
2019-03-12T17:42:10+01:00 :: Table Project created successfully
2019-03-12T17:44:50+01:00 :: Successfully connect to iLovePragmatic
2019-03-12T17:44:50+01:00 :: [object Object] successfully find by primary key
2019-03-12T17:44:50+01:00 :: [object Object] successfully find by primary key
2019-03-12T17:44:50+01:00 :: Table Student created successfully
2019-03-12T17:44:50+01:00 :: Table Note created successfully
2019-03-12T17:44:50+01:00 :: Table Project created successfully
2019-03-12T17:46:07+01:00 :: Successfully connect to iLovePragmatic
2019-03-12T17:46:07+01:00 :: Table Student created successfully
2019-03-12T17:46:07+01:00 :: [object Object] successfully find by primary key
2019-03-12T17:46:07+01:00 :: Table Note created successfully
2019-03-12T17:46:07+01:00 :: [object Object] successfully find by primary key
2019-03-12T17:46:07+01:00 :: Table Project created successfully
2019-03-12T17:46:26+01:00 :: Successfully connect to iLovePragmatic
2019-03-12T17:46:26+01:00 :: Table Student created successfully
2019-03-12T17:46:26+01:00 :: [object Object] successfully find by primary key
2019-03-12T17:46:26+01:00 :: Table Note created successfully
2019-03-12T17:46:26+01:00 :: [object Object] successfully find by primary key
2019-03-12T17:46:26+01:00 :: Table Project created successfully
2019-03-12T17:51:50+01:00 :: Successfully connect to iLovePragmatic
2019-03-12T17:51:50+01:00 :: Table Student created successfully
2019-03-12T17:51:50+01:00 :: [object Object] successfully find by primary key
2019-03-12T17:51:50+01:00 :: Table Note created successfully
2019-03-12T17:51:50+01:00 :: [object Object] successfully find by primary key
2019-03-12T17:51:50+01:00 :: Table Project created successfully
2019-03-12T17:52:35+01:00 :: Successfully connect to iLovePragmatic
2019-03-12T17:52:35+01:00 :: Table Student created successfully
2019-03-12T17:52:35+01:00 :: [object Object] successfully find by primary key
2019-03-12T17:52:35+01:00 :: Table Note created successfully
2019-03-12T17:52:35+01:00 :: [object Object] successfully find by primary key
2019-03-12T17:52:35+01:00 :: Table Project created successfully
2019-03-12T17:52:35+01:00 :: [object Object]  successfully find by one
2019-03-12T17:52:35+01:00 :: [object Object]  successfully find by one
2019-03-12T17:52:35+01:00 :: [object Object] successfully updated
2019-03-12T17:52:35+01:00 :: Note successfully created
2019-03-12T17:52:35+01:00 :: 7 in table Note
2019-03-12T17:52:35+01:00 :: Note  successfully find all
2019-03-12T17:52:35+01:00 :: Note  successfully find all
2019-03-12T17:52:35+01:00 :: [object Object] successfully find by primary key
2019-03-12T17:52:35+01:00 :: [object Object] successfully find by primary key
2019-03-12T17:52:35+01:00 :: [object Object]  successfully find by one
2019-03-12T17:52:35+01:00 :: [object Object]  successfully find by one
2019-03-12T17:52:35+01:00 :: [object Object] successfully updated
2019-03-12T17:52:35+01:00 :: Project successfully created
2019-03-12T17:52:35+01:00 :: 3 in table Project
2019-03-12T17:52:35+01:00 :: Project  successfully find all
2019-03-12T17:52:35+01:00 :: Project  successfully find all
2019-03-12T17:52:35+01:00 :: [object Object] successfully find by primary key
2019-03-12T17:52:35+01:00 :: [object Object] successfully find by primary key
2019-03-12T17:52:35+01:00 :: [object Object]  successfully find by one
2019-03-12T17:52:35+01:00 :: [object Object]  successfully find by one
2019-03-12T17:52:35+01:00 :: [object Object] successfully updated
2019-03-12T17:53:10+01:00 :: Successfully connect to iLovePragmatic
2019-03-12T17:53:10+01:00 :: Table Student created successfully
2019-03-12T17:53:10+01:00 :: [object Object] successfully find by primary key
2019-03-12T17:53:10+01:00 :: Table Note created successfully
2019-03-12T17:53:10+01:00 :: [object Object] successfully find by primary key
2019-03-12T17:53:10+01:00 :: Table Project created successfully
2019-03-12T17:53:10+01:00 :: [object Object]  successfully find by one
2019-03-12T17:53:10+01:00 :: [object Object]  successfully find by one
2019-03-12T17:53:10+01:00 :: [object Object] successfully updated
2019-03-12T17:53:10+01:00 :: Note successfully created
2019-03-12T17:53:10+01:00 :: 8 in table Note
2019-03-12T17:53:10+01:00 :: Note  successfully find all
2019-03-12T17:53:10+01:00 :: Note  successfully find all
2019-03-12T17:53:10+01:00 :: [object Object] successfully find by primary key
2019-03-12T17:53:10+01:00 :: [object Object] successfully find by primary key
2019-03-12T17:53:10+01:00 :: [object Object]  successfully find by one
2019-03-12T17:53:10+01:00 :: [object Object]  successfully find by one
2019-03-12T17:53:10+01:00 :: [object Object] successfully updated
2019-03-12T17:53:10+01:00 :: Project successfully created
2019-03-12T17:53:10+01:00 :: 4 in table Project
2019-03-12T17:53:10+01:00 :: Project  successfully find all
2019-03-12T17:53:10+01:00 :: Project  successfully find all
2019-03-12T17:53:10+01:00 :: [object Object] successfully find by primary key
2019-03-12T17:53:10+01:00 :: [object Object] successfully find by primary key
2019-03-12T17:53:10+01:00 :: [object Object]  successfully find by one
2019-03-12T17:53:10+01:00 :: [object Object]  successfully find by one
2019-03-12T17:53:11+01:00 :: [object Object] successfully updated
