2019-03-11T18:25:24+01:00 :: Successfully connect to iLovePragmatic
2019-03-11T18:25:24+01:00 :: Table Student deleted successfully
2019-03-11T18:25:24+01:00 :: Table Student created successfully
2019-03-11T18:25:24+01:00 :: Student successfully created
2019-03-11T18:25:24+01:00 :: 1 in table Student
2019-03-11T18:25:24+01:00 :: Student  successfully find all
2019-03-11T18:25:24+01:00 :: Student  successfully find all
2019-03-11T18:25:24+01:00 :: Student successfully find by primary key
2019-03-11T18:25:24+01:00 :: Student successfully find by primary key
2019-03-11T18:25:24+01:00 :: Student  successfully find by one
2019-03-11T18:25:24+01:00 :: Student  successfully find by one
2019-03-11T18:25:24+01:00 :: Student successfully updated
2019-03-11T18:25:24+01:00 :: Student successfully deleted
2019-03-11T18:37:39+01:00 :: Successfully connect to iLovePragmatic
2019-03-11T18:37:39+01:00 :: Table Student deleted successfully
2019-03-11T18:37:39+01:00 :: Table Student created successfully
2019-03-11T18:37:39+01:00 :: Student successfully created
2019-03-11T18:37:39+01:00 :: 1 in table Student
2019-03-11T18:37:39+01:00 :: Student  successfully find all
2019-03-11T18:37:39+01:00 :: Student  successfully find all
2019-03-11T18:37:39+01:00 :: Student successfully find by primary key
2019-03-11T18:37:39+01:00 :: Student successfully find by primary key
2019-03-11T18:37:39+01:00 :: Student  successfully find by one
2019-03-11T18:37:39+01:00 :: Student  successfully find by one
2019-03-11T18:37:39+01:00 :: Student successfully updated
2019-03-11T18:37:39+01:00 :: Student successfully deleted
